<?xml version="1.0" encoding="UTF-8"?>
<testsuite name="ru.spbau.mit.vishnyakov.TrieTest" tests="32" skipped="0" failures="0" errors="0" timestamp="2017-10-04T12:14:32" hostname="kirill-K501LB" time="0.063">
  <properties/>
  <testcase name="howManyStartsWithPrefixMultipleAddThenRemove" classname="ru.spbau.mit.vishnyakov.TrieTest" time="0.002"/>
  <testcase name="sizeAddMultipleWords" classname="ru.spbau.mit.vishnyakov.TrieTest" time="0.0"/>
  <testcase name="howManyStartsWithPrefixNonEmptyTrie" classname="ru.spbau.mit.vishnyakov.TrieTest" time="0.001"/>
  <testcase name="addThenDoubleRemove" classname="ru.spbau.mit.vishnyakov.TrieTest" time="0.001"/>
  <testcase name="addMultipleWordsWithSamePrefix" classname="ru.spbau.mit.vishnyakov.TrieTest" time="0.0"/>
  <testcase name="removeNonExistentKey" classname="ru.spbau.mit.vishnyakov.TrieTest" time="0.0"/>
  <testcase name="sizeAddMultipleWordsWithSamePrefix" classname="ru.spbau.mit.vishnyakov.TrieTest" time="0.001"/>
  <testcase name="sizeEmptyTrie" classname="ru.spbau.mit.vishnyakov.TrieTest" time="0.001"/>
  <testcase name="howManyStartsWithPrefixMultipleAddWithSamePrefix" classname="ru.spbau.mit.vishnyakov.TrieTest" time="0.0"/>
  <testcase name="serialize" classname="ru.spbau.mit.vishnyakov.TrieTest" time="0.009"/>
  <testcase name="removeExistentKey" classname="ru.spbau.mit.vishnyakov.TrieTest" time="0.001"/>
  <testcase name="sizeDoubleAdd" classname="ru.spbau.mit.vishnyakov.TrieTest" time="0.0"/>
  <testcase name="sizeNonEmptyTrie" classname="ru.spbau.mit.vishnyakov.TrieTest" time="0.001"/>
  <testcase name="containsMultipleWords" classname="ru.spbau.mit.vishnyakov.TrieTest" time="0.001"/>
  <testcase name="sizeAddThenRemoveComplex" classname="ru.spbau.mit.vishnyakov.TrieTest" time="0.001"/>
  <testcase name="howManyStartsWithPrefixEmptyTrie" classname="ru.spbau.mit.vishnyakov.TrieTest" time="0.002"/>
  <testcase name="removeKeyWithSamePrefix" classname="ru.spbau.mit.vishnyakov.TrieTest" time="0.001"/>
  <testcase name="howManyStartsWithPrefixMultipleAdd" classname="ru.spbau.mit.vishnyakov.TrieTest" time="0.0"/>
  <testcase name="sizeAddThenRemove" classname="ru.spbau.mit.vishnyakov.TrieTest" time="0.0"/>
  <testcase name="howManyStartsWithPrefixDoubleAdd" classname="ru.spbau.mit.vishnyakov.TrieTest" time="0.0"/>
  <testcase name="containsMultipleWordsWithSamePrefixAndRemove" classname="ru.spbau.mit.vishnyakov.TrieTest" time="0.001"/>
  <testcase name="addOneWord" classname="ru.spbau.mit.vishnyakov.TrieTest" time="0.002"/>
  <testcase name="addTwoWords" classname="ru.spbau.mit.vishnyakov.TrieTest" time="0.0"/>
  <testcase name="addThenRemove" classname="ru.spbau.mit.vishnyakov.TrieTest" time="0.0"/>
  <testcase name="containsNonEmptyTrie" classname="ru.spbau.mit.vishnyakov.TrieTest" time="0.001"/>
  <testcase name="containsEmptyTrie" classname="ru.spbau.mit.vishnyakov.TrieTest" time="0.0"/>
  <testcase name="containsMultipleWordsWithSamePrefix" classname="ru.spbau.mit.vishnyakov.TrieTest" time="0.001"/>
  <testcase name="sizeAddThenRemoveAll" classname="ru.spbau.mit.vishnyakov.TrieTest" time="0.001"/>
  <testcase name="deserialize" classname="ru.spbau.mit.vishnyakov.TrieTest" time="0.003"/>
  <testcase name="containsAddThenRemoveAll" classname="ru.spbau.mit.vishnyakov.TrieTest" time="0.003"/>
  <testcase name="addThenRemoveWithSamePrefix" classname="ru.spbau.mit.vishnyakov.TrieTest" time="0.001"/>
  <testcase name="addSameWordTwice" classname="ru.spbau.mit.vishnyakov.TrieTest" time="0.001"/>
  <system-out><![CDATA[]]></system-out>
  <system-err><![CDATA[]]></system-err>
</testsuite>
