<?xml version="1.0" encoding="UTF-8"?>
<testsuite name="ru.spbau.mit.vishnyakov.MyZipFileTest" tests="2" skipped="0" failures="0" errors="0" timestamp="2017-10-10T17:54:43" hostname="kirill-K501LB" time="0.018">
  <properties/>
  <testcase name="unzip_simple_regex" classname="ru.spbau.mit.vishnyakov.MyZipFileTest" time="0.013"/>
  <testcase name="unzip_complex_regex" classname="ru.spbau.mit.vishnyakov.MyZipFileTest" time="0.005"/>
  <system-out><![CDATA[]]></system-out>
  <system-err><![CDATA[]]></system-err>
</testsuite>
