<?xml version="1.0" encoding="UTF-8"?>
<testsuite name="ru.spbau.mit.vishnyakov.BinaryTreeTest" tests="8" skipped="0" failures="0" errors="0" timestamp="2017-10-18T01:07:22" hostname="kirill-K501LB" time="0.02">
  <properties/>
  <testcase name="testContainsEmptyTree" classname="ru.spbau.mit.vishnyakov.BinaryTreeTest" time="0.003"/>
  <testcase name="testAddSingleElement" classname="ru.spbau.mit.vishnyakov.BinaryTreeTest" time="0.0"/>
  <testcase name="sizeNonEmptyTree" classname="ru.spbau.mit.vishnyakov.BinaryTreeTest" time="0.007"/>
  <testcase name="sizeNoElementsAdded" classname="ru.spbau.mit.vishnyakov.BinaryTreeTest" time="0.0"/>
  <testcase name="testContainsNonEmptyTree" classname="ru.spbau.mit.vishnyakov.BinaryTreeTest" time="0.002"/>
  <testcase name="testAddMultipleElements" classname="ru.spbau.mit.vishnyakov.BinaryTreeTest" time="0.0"/>
  <testcase name="testAddMultipleElementsAddedTwice" classname="ru.spbau.mit.vishnyakov.BinaryTreeTest" time="0.001"/>
  <testcase name="testContainsSameElementAddedTwice" classname="ru.spbau.mit.vishnyakov.BinaryTreeTest" time="0.001"/>
  <system-out><![CDATA[]]></system-out>
  <system-err><![CDATA[]]></system-err>
</testsuite>
